Copyright 1986-2020 Xilinx, Inc. All Rights Reserved.
------------------------------------------------------------------------------------
| Tool Version : Vivado v.2020.2 (win64) Build 3064766 Wed Nov 18 09:12:45 MST 2020
| Date         : Wed Dec 24 17:37:07 2025
| Host         : DVANOFFICE-071 running 64-bit major release  (build 9200)
| Command      : upgrade_ip
| Device       : xc7s50csga324-1
------------------------------------------------------------------------------------

Upgrade Log for IP 'mult_gen_0'

1. Summary
----------

SUCCESS in the upgrade of mult_gen_0 (xilinx.com:ip:mult_gen:12.0) from (Rev. 14) to (Rev. 16)






Copyright 1986-2020 Xilinx, Inc. All Rights Reserved.
------------------------------------------------------------------------------------
| Tool Version : Vivado v.2020.2 (win64) Build 3064766 Wed Nov 18 09:12:45 MST 2020
| Date         : Wed Dec 24 17:37:05 2025
| Host         : DVANOFFICE-071 running 64-bit major release  (build 9200)
| Command      : upgrade_ip
| Device       : xc7s50csga324-1
------------------------------------------------------------------------------------

Upgrade Log for IP 'dds_compiler_1'

1. Summary
----------

SUCCESS in the upgrade of dds_compiler_1 (xilinx.com:ip:dds_compiler:6.0) from (Rev. 17) to (Rev. 20)






Copyright 1986-2020 Xilinx, Inc. All Rights Reserved.
------------------------------------------------------------------------------------
| Tool Version : Vivado v.2020.2 (win64) Build 3064766 Wed Nov 18 09:12:45 MST 2020
| Date         : Wed Dec 24 17:37:03 2025
| Host         : DVANOFFICE-071 running 64-bit major release  (build 9200)
| Command      : upgrade_ip
| Device       : xc7s50csga324-1
------------------------------------------------------------------------------------

Upgrade Log for IP 'dds_compiler_0'

1. Summary
----------

SUCCESS in the upgrade of dds_compiler_0 (xilinx.com:ip:dds_compiler:6.0) from (Rev. 17) to (Rev. 20)






Copyright 1986-2020 Xilinx, Inc. All Rights Reserved.
------------------------------------------------------------------------------------
| Tool Version : Vivado v.2020.2 (win64) Build 3064766 Wed Nov 18 09:12:45 MST 2020
| Date         : Wed Dec 24 17:37:00 2025
| Host         : DVANOFFICE-071 running 64-bit major release  (build 9200)
| Command      : upgrade_ip
| Device       : xc7s50csga324-1
------------------------------------------------------------------------------------

Upgrade Log for IP 'clk_wiz_0'

1. Summary
----------

SUCCESS in the upgrade of clk_wiz_0 (xilinx.com:ip:clk_wiz:6.0) from (Rev. 2) to (Rev. 6)






Copyright 1986-2020 Xilinx, Inc. All Rights Reserved.
------------------------------------------------------------------------------------
| Tool Version : Vivado v.2020.2 (win64) Build 3064766 Wed Nov 18 09:12:45 MST 2020
| Date         : Wed Dec 24 17:36:56 2025
| Host         : DVANOFFICE-071 running 64-bit major release  (build 9200)
| Command      : upgrade_ip
| Device       : xc7s50csga324-1
------------------------------------------------------------------------------------

Upgrade Log for IP 'c_addsub_0'

1. Summary
----------

SUCCESS in the upgrade of c_addsub_0 (xilinx.com:ip:c_addsub:12.0) from (Rev. 12) to (Rev. 14)






Copyright 1986-2018 Xilinx, Inc. All Rights Reserved.
------------------------------------------------------------------------------------
| Tool Version : Vivado v.2018.3 (win64) Build 2405991 Thu Dec  6 23:38:27 MST 2018
| Date         : Mon Dec 22 12:52:20 2025
| Host         : DVANOFFICE-071 running 64-bit major release  (build 9200)
| Command      : upgrade_ip
| Device       : xc7s50csga324-1
------------------------------------------------------------------------------------

Upgrade Log for IP 'FM_Modulator_dds_compiler_0_0'

1. Summary
----------

SUCCESS in the conversion of FM_Modulator_dds_compiler_0_0 (xilinx.com:ip:dds_compiler:6.0 (Rev. 17)) to Vivado generation flows.






Copyright 1986-2018 Xilinx, Inc. All Rights Reserved.
------------------------------------------------------------------------------------
| Tool Version : Vivado v.2018.3 (win64) Build 2405991 Thu Dec  6 23:38:27 MST 2018
| Date         : Mon Dec 22 12:52:20 2025
| Host         : DVANOFFICE-071 running 64-bit major release  (build 9200)
| Command      : upgrade_ip
| Device       : xc7s50csga324-1
------------------------------------------------------------------------------------

Upgrade Log for IP 'FM_Modulator_clk_wiz_0_0'

1. Summary
----------

SUCCESS in the conversion of FM_Modulator_clk_wiz_0_0 (xilinx.com:ip:clk_wiz:6.0 (Rev. 2)) to Vivado generation flows.

